<?xml version="1.0" encoding="UTF-8"?>
<!-- Generated by org.testng.reporters.JUnitXMLReporter -->
<testsuite hostname="EknathDhauskar" ignored="0" name="Default test" tests="6" failures="0" timestamp="04 Feb 2019 10:14:02 GMT" time="182.816" errors="0">
  <testcase name="verifyContactsPageLabel" time="0.232" classname="com.crm.qa.testcases.ContactsPageTest"/>
  <testcase name="selectContactsTest" time="0.463" classname="com.crm.qa.testcases.ContactsPageTest"/>
  <testcase name="selectMultipleCotactsTest" time="0.627" classname="com.crm.qa.testcases.ContactsPageTest"/>
  <testcase name="validateCreateNewContact" time="8.491" classname="com.crm.qa.testcases.ContactsPageTest"/>
  <testcase name="validateCreateNewContact" time="7.059" classname="com.crm.qa.testcases.ContactsPageTest"/>
  <testcase name="validateCreateNewContact" time="6.632" classname="com.crm.qa.testcases.ContactsPageTest"/>
</testsuite> <!-- Default test -->
