<?xml version="1.0" encoding="UTF-8"?>
<!-- Generated by org.testng.reporters.JUnitXMLReporter -->
<testsuite hostname="EknathDhauskar" ignored="0" name="Default test" tests="9" failures="0" timestamp="16 Feb 2019 09:50:23 GMT" time="466.699" errors="0">
  <testcase name="verifyUserNameTest" time="2.117" classname="com.crm.qa.testcases.HomePageTest"/>
  <testcase name="verifyContactsLinkTest" time="3.145" classname="com.crm.qa.testcases.HomePageTest"/>
  <testcase name="verifyCompaniesLinkTest" time="2.655" classname="com.crm.qa.testcases.HomePageTest"/>
  <testcase name="verifyDealsLinkTest" time="3.832" classname="com.crm.qa.testcases.HomePageTest"/>
  <testcase name="verifyTasksLinkTest" time="4.05" classname="com.crm.qa.testcases.HomePageTest"/>
  <testcase name="verifyCasesLinkTest" time="2.82" classname="com.crm.qa.testcases.HomePageTest"/>
  <testcase name="verifyCallsLinkTest" time="3.178" classname="com.crm.qa.testcases.HomePageTest"/>
  <testcase name="verifyDocumentsLinkTest" time="2.052" classname="com.crm.qa.testcases.HomePageTest"/>
  <testcase name="verifyCampaignsLinkTest" time="6.92" classname="com.crm.qa.testcases.HomePageTest"/>
</testsuite> <!-- Default test -->
