<?xml version="1.0" encoding="UTF-8"?>
<!-- Generated by org.testng.reporters.JUnitXMLReporter -->
<testsuite hostname="EknathDhauskar" ignored="0" name="Command line test" tests="3" failures="0" timestamp="23 Feb 2019 09:42:54 GMT" time="73.328" errors="0">
  <testcase name="verifyContactsPageLabel" time="0.06" classname="com.crm.qa.testcases.ContactsPageTest"/>
  <testcase name="verifyHomePageTitleTest" time="0.012" classname="com.crm.qa.testcases.HomePageTest"/>
  <testcase name="loginPageTitleTest" time="0.008" classname="com.crm.qa.testcases.LoginPageTest"/>
</testsuite> <!-- Command line test -->
