<?xml version="1.0" encoding="UTF-8"?>
<!-- Generated by org.testng.reporters.JUnitXMLReporter -->
<testsuite hostname="EknathDhauskar" ignored="0" name="Free CRM Test Cases1" tests="3" failures="0" timestamp="27 Mar 2019 12:58:17 GMT" time="36.766" errors="0">
  <testcase name="loginPageTitleTest" time="0.015" classname="com.crm.qa.testcases.LoginPageTest"/>
  <testcase name="crmLogoImageTest" time="0.63" classname="com.crm.qa.testcases.LoginPageTest"/>
  <testcase name="loginTest" time="5.165" classname="com.crm.qa.testcases.LoginPageTest"/>
</testsuite> <!-- Free CRM Test Cases1 -->
