<?xml version="1.0" encoding="UTF-8"?>
<!-- Generated by org.testng.reporters.JUnitXMLReporter -->
<testsuite hostname="EknathDhauskar" ignored="0" name="Free CRM Test Cases1" tests="3" failures="0" timestamp="23 Feb 2019 12:27:25 GMT" time="51.304" errors="0">
  <testcase name="loginPageTitleTest" time="0.027" classname="com.crm.qa.testcases.LoginPageTest"/>
  <testcase name="crmLogoImageTest" time="0.372" classname="com.crm.qa.testcases.LoginPageTest"/>
  <testcase name="loginTest" time="14.451" classname="com.crm.qa.testcases.LoginPageTest"/>
</testsuite> <!-- Free CRM Test Cases1 -->
