<?xml version="1.0" encoding="UTF-8"?>
<!-- Generated by org.testng.reporters.JUnitXMLReporter -->
<testsuite hostname="EknathDhauskar" ignored="0" name="Free CRM Test Cases" tests="10" failures="0" timestamp="27 Mar 2019 12:56:41 GMT" time="309.948" errors="0">
  <testcase name="validateUploadMultipleFiles" time="31.559" classname="com.crm.qa.testcases.MultiDocUploadPageTest"/>
  <testcase name="validateUploadMultipleFiles" time="26.826" classname="com.crm.qa.testcases.MultiDocUploadPageTest"/>
  <testcase name="validateCreateNewWordMergeTemplate" time="10.982" classname="com.crm.qa.testcases.WordMergeTemplatePageTest"/>
  <testcase name="validateCreateNewWordMergeTemplate" time="12.509" classname="com.crm.qa.testcases.WordMergeTemplatePageTest"/>
  <testcase name="verifyDocsPageLabel" time="0.04" classname="com.crm.qa.testcases.DocsPageTest"/>
  <testcase name="verifyCasesPageLabel" time="0.029" classname="com.crm.qa.testcases.CasesPageTest"/>
  <testcase name="verifyCallsPageLabel" time="0.028" classname="com.crm.qa.testcases.CallsPageTest"/>
  <testcase name="verifyContactsPageLabel" time="0.03" classname="com.crm.qa.testcases.ContactsPageTest"/>
  <testcase name="verifyDealsPageLabel" time="0.029" classname="com.crm.qa.testcases.DealsPageTest"/>
  <testcase name="verifyCompaniesPageLabel" time="0.028" classname="com.crm.qa.testcases.CompaniesPageTest"/>
</testsuite> <!-- Free CRM Test Cases -->
