<?xml version="1.0" encoding="UTF-8"?>
<!-- Generated by org.testng.reporters.JUnitXMLReporter -->
<testsuite hostname="EknathDhauskar" ignored="0" name="Free CRM Test Cases3" tests="2" failures="1" timestamp="23 Feb 2019 12:32:14 GMT" time="22.056" errors="0">
  <testcase name="verifyCompaniesPageLabel" time="0.043" classname="com.crm.qa.testcases.CompaniesPageTest"/>
  <testcase name="validateCreateNewCompany" time="0.0" classname="com.crm.qa.testcases.CompaniesPageTest">
    <failure type="org.testng.TestNGException" message="
Cannot inject @Test annotated Method [validateCreateNewCompany] with [class java.lang.String, class java.lang.String, class java.lang.String, class java.lang.String, class java.lang.String, class java.lang.String, class java.lang.String, class java.lang.String, class java.lang.String, class java.lang.String, class java.lang.String, class java.lang.String, class java.lang.String, class java.lang.String].
For more information on native dependency injection please refer to http://testng.org/doc/documentation-main.html#native-dependency-injection">
      <![CDATA[org.testng.TestNGException: 
Cannot inject @Test annotated Method [validateCreateNewCompany] with [class java.lang.String, class java.lang.String, class java.lang.String, class java.lang.String, class java.lang.String, class java.lang.String, class java.lang.String, class java.lang.String, class java.lang.String, class java.lang.String, class java.lang.String, class java.lang.String, class java.lang.String, class java.lang.String].
For more information on native dependency injection please refer to http://testng.org/doc/documentation-main.html#native-dependency-injection
... Removed 24 stack frames]]>
    </failure>
  </testcase> <!-- validateCreateNewCompany -->
</testsuite> <!-- Free CRM Test Cases3 -->
