<?xml version="1.0" encoding="UTF-8"?>
<testng-results skipped="0" failed="0" ignored="0" total="3" passed="3">
  <reporter-output>
  </reporter-output>
  <suite name="Command line suite" duration-ms="127965" started-at="2019-01-26T11:18:18Z" finished-at="2019-01-26T11:20:26Z">
    <groups>
    </groups>
    <test name="Command line test" duration-ms="127965" started-at="2019-01-26T11:18:18Z" finished-at="2019-01-26T11:20:26Z">
      <class name="com.crm.qa.testcases.HomePageTest">
        <test-method status="PASS" signature="setUp()[pri:0, instance:com.crm.qa.testcases.HomePageTest@327471b5]" name="setUp" is-config="true" duration-ms="33623" started-at="2019-01-26T11:19:38Z" finished-at="2019-01-26T11:20:12Z">
          <reporter-output>
          </reporter-output>
        </test-method> <!-- setUp -->
        <test-method status="PASS" signature="verifyHomePageTitleTest()[pri:1, instance:com.crm.qa.testcases.HomePageTest@327471b5]" name="verifyHomePageTitleTest" duration-ms="17" started-at="2019-01-26T11:20:12Z" finished-at="2019-01-26T11:20:12Z">
          <reporter-output>
          </reporter-output>
        </test-method> <!-- verifyHomePageTitleTest -->
        <test-method status="PASS" signature="tearDown()[pri:0, instance:com.crm.qa.testcases.HomePageTest@327471b5]" name="tearDown" is-config="true" duration-ms="681" started-at="2019-01-26T11:20:12Z" finished-at="2019-01-26T11:20:12Z">
          <reporter-output>
          </reporter-output>
        </test-method> <!-- tearDown -->
      </class> <!-- com.crm.qa.testcases.HomePageTest -->
      <class name="com.crm.qa.testcases.ContactsPageTest">
        <test-method status="PASS" signature="setUp()[pri:0, instance:com.crm.qa.testcases.ContactsPageTest@3567135c]" name="setUp" is-config="true" duration-ms="78190" started-at="2019-01-26T11:18:18Z" finished-at="2019-01-26T11:19:36Z">
          <reporter-output>
          </reporter-output>
        </test-method> <!-- setUp -->
        <test-method status="PASS" signature="verifyContactsPageLabel()[pri:1, instance:com.crm.qa.testcases.ContactsPageTest@3567135c]" name="verifyContactsPageLabel" duration-ms="88" started-at="2019-01-26T11:19:36Z" finished-at="2019-01-26T11:19:36Z">
          <reporter-output>
          </reporter-output>
        </test-method> <!-- verifyContactsPageLabel -->
        <test-method status="PASS" signature="tearDown()[pri:0, instance:com.crm.qa.testcases.ContactsPageTest@3567135c]" name="tearDown" is-config="true" duration-ms="1815" started-at="2019-01-26T11:19:36Z" finished-at="2019-01-26T11:19:38Z">
          <reporter-output>
          </reporter-output>
        </test-method> <!-- tearDown -->
      </class> <!-- com.crm.qa.testcases.ContactsPageTest -->
      <class name="com.crm.qa.testcases.LoginPageTest">
        <test-method status="PASS" signature="setUp()[pri:0, instance:com.crm.qa.testcases.LoginPageTest@4157f54e]" name="setUp" is-config="true" duration-ms="12629" started-at="2019-01-26T11:20:12Z" finished-at="2019-01-26T11:20:25Z">
          <reporter-output>
          </reporter-output>
        </test-method> <!-- setUp -->
        <test-method status="PASS" signature="loginPageTitleTest()[pri:1, instance:com.crm.qa.testcases.LoginPageTest@4157f54e]" name="loginPageTitleTest" duration-ms="12" started-at="2019-01-26T11:20:25Z" finished-at="2019-01-26T11:20:25Z">
          <reporter-output>
          </reporter-output>
        </test-method> <!-- loginPageTitleTest -->
        <test-method status="PASS" signature="tearDown()[pri:0, instance:com.crm.qa.testcases.LoginPageTest@4157f54e]" name="tearDown" is-config="true" duration-ms="829" started-at="2019-01-26T11:20:25Z" finished-at="2019-01-26T11:20:26Z">
          <reporter-output>
          </reporter-output>
        </test-method> <!-- tearDown -->
      </class> <!-- com.crm.qa.testcases.LoginPageTest -->
    </test> <!-- Command line test -->
  </suite> <!-- Command line suite -->
</testng-results>
