<?xml version="1.0" encoding="UTF-8"?>
<testng-results skipped="0" failed="2" ignored="0" total="3" passed="1">
  <reporter-output>
  </reporter-output>
  <suite name="Default suite" duration-ms="92167" started-at="2019-03-29T12:28:09Z" finished-at="2019-03-29T12:29:41Z">
    <groups>
    </groups>
    <test name="Default test" duration-ms="92167" started-at="2019-03-29T12:28:09Z" finished-at="2019-03-29T12:29:41Z">
      <class name="com.crm.qa.testcases.TasksPageTest">
        <test-method status="PASS" signature="setUp()[pri:0, instance:com.crm.qa.testcases.TasksPageTest@1a968a59]" name="setUp" is-config="true" duration-ms="36750" started-at="2019-03-29T12:28:09Z" finished-at="2019-03-29T12:28:46Z">
          <reporter-output>
          </reporter-output>
        </test-method> <!-- setUp -->
        <test-method status="PASS" signature="verifyTasksPageLabel()[pri:1, instance:com.crm.qa.testcases.TasksPageTest@1a968a59]" name="verifyTasksPageLabel" duration-ms="207" started-at="2019-03-29T12:28:46Z" finished-at="2019-03-29T12:28:46Z">
          <reporter-output>
          </reporter-output>
        </test-method> <!-- verifyTasksPageLabel -->
        <test-method status="PASS" signature="tearDown()[pri:0, instance:com.crm.qa.testcases.TasksPageTest@1a968a59]" name="tearDown" is-config="true" duration-ms="835" started-at="2019-03-29T12:28:46Z" finished-at="2019-03-29T12:28:47Z">
          <reporter-output>
          </reporter-output>
        </test-method> <!-- tearDown -->
        <test-method status="PASS" signature="setUp()[pri:0, instance:com.crm.qa.testcases.TasksPageTest@1a968a59]" name="setUp" is-config="true" duration-ms="23257" started-at="2019-03-29T12:28:49Z" finished-at="2019-03-29T12:29:12Z">
          <reporter-output>
          </reporter-output>
        </test-method> <!-- setUp -->
        <test-method status="FAIL" signature="validateAddNewTask(java.lang.String, java.lang.String, java.lang.String, java.lang.String, java.lang.String, java.lang.String, java.lang.String, java.lang.String, java.lang.String, java.lang.String, java.lang.String, java.lang.String, java.lang.String)[pri:2, instance:com.crm.qa.testcases.TasksPageTest@1a968a59]" name="validateAddNewTask" duration-ms="3989" started-at="2019-03-29T12:29:12Z" data-provider="getCRMTestData" finished-at="2019-03-29T12:29:16Z">
          <params>
            <param index="0">
              <value>
                <![CDATA[Task1]]>
              </value>
            </param>
            <param index="1">
              <value>
                <![CDATA[Extend deadline by 1 day]]>
              </value>
            </param>
            <param index="2">
              <value>
                <![CDATA[Open]]>
              </value>
            </param>
            <param index="3">
              <value>
                <![CDATA[50]]>
              </value>
            </param>
            <param index="4">
              <value>
                <![CDATA[Call]]>
              </value>
            </param>
            <param index="5">
              <value>
                <![CDATA[High]]>
              </value>
            </param>
            <param index="6">
              <value>
                <![CDATA[deal1]]>
              </value>
            </param>
            <param index="7">
              <value>
                <![CDATA[case1]]>
              </value>
            </param>
            <param index="8">
              <value>
                <![CDATA[tag1]]>
              </value>
            </param>
            <param index="9">
              <value>
                <![CDATA[tagdesc1]]>
              </value>
            </param>
            <param index="10">
              <value>
                <![CDATA[contact1]]>
              </value>
            </param>
            <param index="11">
              <value>
                <![CDATA[company1]]>
              </value>
            </param>
            <param index="12">
              <value>
                <![CDATA[identifier1]]>
              </value>
            </param>
          </params>
          <exception class="java.lang.NumberFormatException">
            <message>
              <![CDATA[For input string: "?"]]>
            </message>
            <full-stacktrace>
              <![CDATA[java.lang.NumberFormatException: For input string: "?"
at java.lang.NumberFormatException.forInputString(NumberFormatException.java:65)
at java.lang.Integer.parseInt(Integer.java:580)
at java.lang.Integer.parseInt(Integer.java:615)
at com.crm.qa.pages.TasksPage.addNewTask(TasksPage.java:93)
at com.crm.qa.testcases.TasksPageTest.validateAddNewTask(TasksPageTest.java:57)
at sun.reflect.NativeMethodAccessorImpl.invoke0(Native Method)
at sun.reflect.NativeMethodAccessorImpl.invoke(NativeMethodAccessorImpl.java:62)
at sun.reflect.DelegatingMethodAccessorImpl.invoke(DelegatingMethodAccessorImpl.java:43)
at java.lang.reflect.Method.invoke(Method.java:498)
at org.testng.internal.MethodInvocationHelper.invokeMethod(MethodInvocationHelper.java:124)
at org.testng.internal.Invoker.invokeMethod(Invoker.java:583)
at org.testng.internal.Invoker.invokeTestMethod(Invoker.java:719)
at org.testng.internal.Invoker.invokeTestMethods(Invoker.java:989)
at org.testng.internal.TestMethodWorker.invokeTestMethods(TestMethodWorker.java:125)
at org.testng.internal.TestMethodWorker.run(TestMethodWorker.java:109)
at org.testng.TestRunner.privateRun(TestRunner.java:648)
at org.testng.TestRunner.run(TestRunner.java:505)
at org.testng.SuiteRunner.runTest(SuiteRunner.java:455)
at org.testng.SuiteRunner.runSequentially(SuiteRunner.java:450)
at org.testng.SuiteRunner.privateRun(SuiteRunner.java:415)
at org.testng.SuiteRunner.run(SuiteRunner.java:364)
at org.testng.SuiteRunnerWorker.runSuite(SuiteRunnerWorker.java:52)
at org.testng.SuiteRunnerWorker.run(SuiteRunnerWorker.java:84)
at org.testng.TestNG.runSuitesSequentially(TestNG.java:1208)
at org.testng.TestNG.runSuitesLocally(TestNG.java:1137)
at org.testng.TestNG.runSuites(TestNG.java:1049)
at org.testng.TestNG.run(TestNG.java:1017)
at org.testng.remote.AbstractRemoteTestNG.run(AbstractRemoteTestNG.java:114)
at org.testng.remote.RemoteTestNG.initAndRun(RemoteTestNG.java:251)
at org.testng.remote.RemoteTestNG.main(RemoteTestNG.java:77)
]]>
            </full-stacktrace>
          </exception> <!-- java.lang.NumberFormatException -->
          <reporter-output>
          </reporter-output>
        </test-method> <!-- validateAddNewTask -->
        <test-method status="PASS" signature="tearDown()[pri:0, instance:com.crm.qa.testcases.TasksPageTest@1a968a59]" name="tearDown" is-config="true" duration-ms="1011" started-at="2019-03-29T12:29:16Z" finished-at="2019-03-29T12:29:17Z">
          <reporter-output>
          </reporter-output>
        </test-method> <!-- tearDown -->
        <test-method status="PASS" signature="setUp()[pri:0, instance:com.crm.qa.testcases.TasksPageTest@1a968a59]" name="setUp" is-config="true" duration-ms="20049" started-at="2019-03-29T12:29:17Z" finished-at="2019-03-29T12:29:37Z">
          <reporter-output>
          </reporter-output>
        </test-method> <!-- setUp -->
        <test-method status="FAIL" signature="validateAddNewTask(java.lang.String, java.lang.String, java.lang.String, java.lang.String, java.lang.String, java.lang.String, java.lang.String, java.lang.String, java.lang.String, java.lang.String, java.lang.String, java.lang.String, java.lang.String)[pri:2, instance:com.crm.qa.testcases.TasksPageTest@1a968a59]" name="validateAddNewTask" duration-ms="3192" started-at="2019-03-29T12:29:37Z" data-provider="getCRMTestData" finished-at="2019-03-29T12:29:40Z">
          <params>
            <param index="0">
              <value>
                <![CDATA[Task2]]>
              </value>
            </param>
            <param index="1">
              <value>
                <![CDATA[Extend deadline by 30 days]]>
              </value>
            </param>
            <param index="2">
              <value>
                <![CDATA[Complete]]>
              </value>
            </param>
            <param index="3">
              <value>
                <![CDATA[75]]>
              </value>
            </param>
            <param index="4">
              <value>
                <![CDATA[Training]]>
              </value>
            </param>
            <param index="5">
              <value>
                <![CDATA[Normal]]>
              </value>
            </param>
            <param index="6">
              <value>
                <![CDATA[deal2]]>
              </value>
            </param>
            <param index="7">
              <value>
                <![CDATA[case2]]>
              </value>
            </param>
            <param index="8">
              <value>
                <![CDATA[tag2]]>
              </value>
            </param>
            <param index="9">
              <value>
                <![CDATA[tagdesc2]]>
              </value>
            </param>
            <param index="10">
              <value>
                <![CDATA[contact2]]>
              </value>
            </param>
            <param index="11">
              <value>
                <![CDATA[company2]]>
              </value>
            </param>
            <param index="12">
              <value>
                <![CDATA[identifier2]]>
              </value>
            </param>
          </params>
          <exception class="java.lang.NumberFormatException">
            <message>
              <![CDATA[For input string: "?"]]>
            </message>
            <full-stacktrace>
              <![CDATA[java.lang.NumberFormatException: For input string: "?"
at java.lang.NumberFormatException.forInputString(NumberFormatException.java:65)
at java.lang.Integer.parseInt(Integer.java:580)
at java.lang.Integer.parseInt(Integer.java:615)
at com.crm.qa.pages.TasksPage.addNewTask(TasksPage.java:93)
at com.crm.qa.testcases.TasksPageTest.validateAddNewTask(TasksPageTest.java:57)
at sun.reflect.NativeMethodAccessorImpl.invoke0(Native Method)
at sun.reflect.NativeMethodAccessorImpl.invoke(NativeMethodAccessorImpl.java:62)
at sun.reflect.DelegatingMethodAccessorImpl.invoke(DelegatingMethodAccessorImpl.java:43)
at java.lang.reflect.Method.invoke(Method.java:498)
at org.testng.internal.MethodInvocationHelper.invokeMethod(MethodInvocationHelper.java:124)
at org.testng.internal.Invoker.invokeMethod(Invoker.java:583)
at org.testng.internal.Invoker.invokeTestMethod(Invoker.java:719)
at org.testng.internal.Invoker.invokeTestMethods(Invoker.java:989)
at org.testng.internal.TestMethodWorker.invokeTestMethods(TestMethodWorker.java:125)
at org.testng.internal.TestMethodWorker.run(TestMethodWorker.java:109)
at org.testng.TestRunner.privateRun(TestRunner.java:648)
at org.testng.TestRunner.run(TestRunner.java:505)
at org.testng.SuiteRunner.runTest(SuiteRunner.java:455)
at org.testng.SuiteRunner.runSequentially(SuiteRunner.java:450)
at org.testng.SuiteRunner.privateRun(SuiteRunner.java:415)
at org.testng.SuiteRunner.run(SuiteRunner.java:364)
at org.testng.SuiteRunnerWorker.runSuite(SuiteRunnerWorker.java:52)
at org.testng.SuiteRunnerWorker.run(SuiteRunnerWorker.java:84)
at org.testng.TestNG.runSuitesSequentially(TestNG.java:1208)
at org.testng.TestNG.runSuitesLocally(TestNG.java:1137)
at org.testng.TestNG.runSuites(TestNG.java:1049)
at org.testng.TestNG.run(TestNG.java:1017)
at org.testng.remote.AbstractRemoteTestNG.run(AbstractRemoteTestNG.java:114)
at org.testng.remote.RemoteTestNG.initAndRun(RemoteTestNG.java:251)
at org.testng.remote.RemoteTestNG.main(RemoteTestNG.java:77)
]]>
            </full-stacktrace>
          </exception> <!-- java.lang.NumberFormatException -->
          <reporter-output>
          </reporter-output>
        </test-method> <!-- validateAddNewTask -->
        <test-method status="PASS" signature="tearDown()[pri:0, instance:com.crm.qa.testcases.TasksPageTest@1a968a59]" name="tearDown" is-config="true" duration-ms="707" started-at="2019-03-29T12:29:40Z" finished-at="2019-03-29T12:29:41Z">
          <reporter-output>
          </reporter-output>
        </test-method> <!-- tearDown -->
      </class> <!-- com.crm.qa.testcases.TasksPageTest -->
    </test> <!-- Default test -->
  </suite> <!-- Default suite -->
</testng-results>
