<?xml version="1.0" encoding="UTF-8"?>
<testng-results skipped="0" failed="0" ignored="0" total="2" passed="2">
  <reporter-output>
  </reporter-output>
  <suite name="Default suite" duration-ms="128524" started-at="2019-03-26T13:21:08Z" finished-at="2019-03-26T13:23:16Z">
    <groups>
    </groups>
    <test name="Default test" duration-ms="128524" started-at="2019-03-26T13:21:08Z" finished-at="2019-03-26T13:23:16Z">
      <class name="com.crm.qa.testcases.MultiDocUploadPageTest">
        <test-method status="PASS" signature="setUp()[pri:0, instance:com.crm.qa.testcases.MultiDocUploadPageTest@1a968a59]" name="setUp" is-config="true" duration-ms="33340" started-at="2019-03-26T13:21:09Z" finished-at="2019-03-26T13:21:42Z">
          <reporter-output>
          </reporter-output>
        </test-method> <!-- setUp -->
        <test-method status="PASS" signature="validateUploadMultipleFiles(java.lang.String, java.lang.String, java.lang.String, java.lang.String, java.lang.String, java.lang.String, java.lang.String)[pri:0, instance:com.crm.qa.testcases.MultiDocUploadPageTest@1a968a59]" name="validateUploadMultipleFiles" duration-ms="36900" started-at="2019-03-26T13:21:42Z" data-provider="getCRMTestData" finished-at="2019-03-26T13:22:19Z">
          <params>
            <param index="0">
              <value>
                <![CDATA[Root directory]]>
              </value>
            </param>
            <param index="1">
              <value>
                <![CDATA[contact1]]>
              </value>
            </param>
            <param index="2">
              <value>
                <![CDATA[company1]]>
              </value>
            </param>
            <param index="3">
              <value>
                <![CDATA[prospect1]]>
              </value>
            </param>
            <param index="4">
              <value>
                <![CDATA[task1]]>
              </value>
            </param>
            <param index="5">
              <value>
                <![CDATA[case1]]>
              </value>
            </param>
            <param index="6">
              <value>
                <![CDATA[tag1]]>
              </value>
            </param>
          </params>
          <reporter-output>
          </reporter-output>
        </test-method> <!-- validateUploadMultipleFiles -->
        <test-method status="PASS" signature="tearDown()[pri:0, instance:com.crm.qa.testcases.MultiDocUploadPageTest@1a968a59]" name="tearDown" is-config="true" duration-ms="885" started-at="2019-03-26T13:22:19Z" finished-at="2019-03-26T13:22:20Z">
          <reporter-output>
          </reporter-output>
        </test-method> <!-- tearDown -->
        <test-method status="PASS" signature="setUp()[pri:0, instance:com.crm.qa.testcases.MultiDocUploadPageTest@1a968a59]" name="setUp" is-config="true" duration-ms="28451" started-at="2019-03-26T13:22:20Z" finished-at="2019-03-26T13:22:48Z">
          <reporter-output>
          </reporter-output>
        </test-method> <!-- setUp -->
        <test-method status="PASS" signature="validateUploadMultipleFiles(java.lang.String, java.lang.String, java.lang.String, java.lang.String, java.lang.String, java.lang.String, java.lang.String)[pri:0, instance:com.crm.qa.testcases.MultiDocUploadPageTest@1a968a59]" name="validateUploadMultipleFiles" duration-ms="27211" started-at="2019-03-26T13:22:48Z" data-provider="getCRMTestData" finished-at="2019-03-26T13:23:15Z">
          <params>
            <param index="0">
              <value>
                <![CDATA[Word Templates]]>
              </value>
            </param>
            <param index="1">
              <value>
                <![CDATA[contact2]]>
              </value>
            </param>
            <param index="2">
              <value>
                <![CDATA[company2]]>
              </value>
            </param>
            <param index="3">
              <value>
                <![CDATA[prospect2]]>
              </value>
            </param>
            <param index="4">
              <value>
                <![CDATA[task2]]>
              </value>
            </param>
            <param index="5">
              <value>
                <![CDATA[case2]]>
              </value>
            </param>
            <param index="6">
              <value>
                <![CDATA[tag2]]>
              </value>
            </param>
          </params>
          <reporter-output>
          </reporter-output>
        </test-method> <!-- validateUploadMultipleFiles -->
        <test-method status="PASS" signature="tearDown()[pri:0, instance:com.crm.qa.testcases.MultiDocUploadPageTest@1a968a59]" name="tearDown" is-config="true" duration-ms="1000" started-at="2019-03-26T13:23:15Z" finished-at="2019-03-26T13:23:16Z">
          <reporter-output>
          </reporter-output>
        </test-method> <!-- tearDown -->
      </class> <!-- com.crm.qa.testcases.MultiDocUploadPageTest -->
    </test> <!-- Default test -->
  </suite> <!-- Default suite -->
</testng-results>
